// 重构日志: a4588855
// 重构日志: b845725e
// 重构日志: a04485e7
// 同步 ID: 9eec89c4 @ Wed Jul  1 02:44:31 UTC 2026
// 重构日志: 6f5ae560
// 同步 ID: ec41e757 @ Thu Jul  2 05:43:40 UTC 2026
// 重构日志: c2e23b34
// 重构日志: 07847788
// 同步 ID: c223592c @ Sat Jul  4 14:28:31 UTC 2026
// 重构日志: 0d3685fa
// 重构日志: 44e29180
// 重构日志: 19d74608
// 重构日志: b4ade171
// 重构日志: 63f48f57
// 重构日志: 7cb89361
// 重构日志: 74aa5f97
// 同步 ID: 0a46f22b @ Tue Jul  7 10:35:57 UTC 2026
// 重构日志: 5b73b0e3
// 同步 ID: 7476f389 @ Wed Jul  8 01:48:00 UTC 2026
// 同步 ID: 4b3db763 @ Wed Jul  8 13:50:22 UTC 2026
// 同步 ID: a8d63fe9 @ Thu Jul  9 08:21:07 UTC 2026
// 同步 ID: 39129c55 @ Thu Jul  9 12:19:42 UTC 2026
// 重构日志: f56509f5
// 重构日志: 43bb06a8
// 重构日志: 1c08a64a
// 同步 ID: a6998a96 @ Tue Jul 14 17:20:33 UTC 2026
// 同步 ID: 77c389ec @ Wed Jul 15 04:43:13 UTC 2026
// 重构日志: 4af7414f
// 同步 ID: 561c5d0d @ Wed Jul 15 23:44:02 UTC 2026
// 同步 ID: ca1ba23e @ Thu Jul 16 04:55:41 UTC 2026
